<?xml version="1.0" encoding="UTF-8"?>
<!-- Generated by org.testng.reporters.JUnitReportReporter -->
<testsuite hostname="mindc1d151" failures="0" tests="10" name="com.mindtree.runner.TestCase" time="23.573" errors="0" timestamp="2022-05-20T13:56:31 IST" skipped="0">
  <testcase classname="com.mindtree.runner.TestCase" name="test1" time="2.861"/>
  <system-out/>
  <testcase classname="com.mindtree.runner.TestCase" name="test2" time="2.271"/>
  <system-out/>
  <testcase classname="com.mindtree.runner.TestCase" name="test3" time="2.016"/>
  <system-out/>
  <testcase classname="com.mindtree.runner.TestCase" name="test4" time="2.036"/>
  <system-out/>
  <testcase classname="com.mindtree.runner.TestCase" name="test5" time="1.528"/>
  <system-out/>
  <testcase classname="com.mindtree.runner.TestCase" name="test6" time="2.293"/>
  <system-out/>
  <testcase classname="com.mindtree.runner.TestCase" name="test7" time="3.486"/>
  <system-out/>
  <testcase classname="com.mindtree.runner.TestCase" name="test8" time="2.157"/>
  <system-out/>
  <testcase classname="com.mindtree.runner.TestCase" name="test9" time="2.398"/>
  <system-out/>
  <testcase classname="com.mindtree.runner.TestCase" name="test10" time="2.527"/>
  <system-out/>
</testsuite> <!-- com.mindtree.runner.TestCase -->
